c:\personal\firstprojectwithopengl\first\first\x64\debug\vc142.pdb
c:\personal\firstprojectwithopengl\first\first\x64\debug\vc142.idb
c:\personal\firstprojectwithopengl\first\first\x64\debug\first.obj
c:\personal\firstprojectwithopengl\first\first\x64\debug\first.res
c:\personal\firstprojectwithopengl\first\x64\debug\first.pdb
c:\personal\firstprojectwithopengl\first\first\x64\debug\first.tlog\cl.command.1.tlog
c:\personal\firstprojectwithopengl\first\first\x64\debug\first.tlog\cl.read.1.tlog
c:\personal\firstprojectwithopengl\first\first\x64\debug\first.tlog\cl.write.1.tlog
c:\personal\firstprojectwithopengl\first\first\x64\debug\first.tlog\link.48492-cvtres.read.1.tlog
c:\personal\firstprojectwithopengl\first\first\x64\debug\first.tlog\link.48492-cvtres.write.1.tlog
c:\personal\firstprojectwithopengl\first\first\x64\debug\first.tlog\link.48492-rc.read.1.tlog
c:\personal\firstprojectwithopengl\first\first\x64\debug\first.tlog\link.48492-rc.write.1.tlog
c:\personal\firstprojectwithopengl\first\first\x64\debug\first.tlog\link.48492.read.1.tlog
c:\personal\firstprojectwithopengl\first\first\x64\debug\first.tlog\link.48492.write.1.tlog
c:\personal\firstprojectwithopengl\first\first\x64\debug\first.tlog\link.command.1.tlog
c:\personal\firstprojectwithopengl\first\first\x64\debug\first.tlog\link.read.1.tlog
c:\personal\firstprojectwithopengl\first\first\x64\debug\first.tlog\link.write.1.tlog
c:\personal\firstprojectwithopengl\first\first\x64\debug\first.tlog\rc.command.1.tlog
c:\personal\firstprojectwithopengl\first\first\x64\debug\first.tlog\rc.read.1.tlog
c:\personal\firstprojectwithopengl\first\first\x64\debug\first.tlog\rc.write.1.tlog
